[INFO ] 25-08-05 17:29:08 [McdonaldApplication:53] - Starting McdonaldApplication using Java 21.0.2 with PID 27524 (D:\megastudy\mcdonald\bin\main started by goguma in D:\megastudy\mcdonald)
[DEBUG] 25-08-05 17:29:08 [McdonaldApplication:54] - Running with Spring Boot v3.4.8, Spring v6.2.9
[INFO ] 25-08-05 17:29:08 [McdonaldApplication:652] - No active profile set, falling back to 1 default profile: "default"
[DEBUG] 25-08-05 17:29:09 [LogFactory:112] - Logging initialized using 'class org.apache.ibatis.logging.slf4j.Slf4jImpl' adapter.
[WARN ] 25-08-05 17:29:09 [ClassPathMapperScanner:44] - No MyBatis mapper was found in '[kr.goguma.mcdonald]' package. Please check your configuration.
[INFO ] 25-08-05 17:29:11 [McdonaldApplication:59] - Started McdonaldApplication in 3.139 seconds (process running for 6.876)
[WARN ] 25-08-05 17:29:22 [AbstractStandardFragmentInsertionTagProcessor:385] - [THYMELEAF][http-nio-8080-exec-1][main] Deprecated unwrapped fragment expression "fragments/header :: header" found in template main, line 10, col 10. Please use the complete syntax of fragment expressions instead ("~{fragments/header :: header}"). The old, unwrapped syntax for fragment expressions will be removed in future versions of Thymeleaf.
[INFO ] 25-08-05 17:30:27 [McdonaldApplication:53] - Starting McdonaldApplication using Java 21.0.2 with PID 11660 (D:\megastudy\mcdonald\bin\main started by goguma in D:\megastudy\mcdonald)
[DEBUG] 25-08-05 17:30:27 [McdonaldApplication:54] - Running with Spring Boot v3.4.8, Spring v6.2.9
[INFO ] 25-08-05 17:30:27 [McdonaldApplication:652] - No active profile set, falling back to 1 default profile: "default"
[DEBUG] 25-08-05 17:30:28 [LogFactory:112] - Logging initialized using 'class org.apache.ibatis.logging.slf4j.Slf4jImpl' adapter.
[WARN ] 25-08-05 17:30:28 [ClassPathMapperScanner:44] - No MyBatis mapper was found in '[kr.goguma.mcdonald]' package. Please check your configuration.
[INFO ] 25-08-05 17:30:30 [McdonaldApplication:59] - Started McdonaldApplication in 2.982 seconds (process running for 3.498)
[WARN ] 25-08-05 17:30:34 [AbstractStandardFragmentInsertionTagProcessor:385] - [THYMELEAF][http-nio-8080-exec-1][main] Deprecated unwrapped fragment expression "fragments/header :: header" found in template main, line 10, col 10. Please use the complete syntax of fragment expressions instead ("~{fragments/header :: header}"). The old, unwrapped syntax for fragment expressions will be removed in future versions of Thymeleaf.
[WARN ] 25-08-05 17:30:35 [AbstractStandardFragmentInsertionTagProcessor:385] - [THYMELEAF][http-nio-8080-exec-6][main] Deprecated unwrapped fragment expression "fragments/header :: header" found in template main, line 10, col 10. Please use the complete syntax of fragment expressions instead ("~{fragments/header :: header}"). The old, unwrapped syntax for fragment expressions will be removed in future versions of Thymeleaf.
[INFO ] 25-08-05 17:31:24 [McdonaldApplication:53] - Starting McdonaldApplication using Java 21.0.2 with PID 23628 (D:\megastudy\mcdonald\bin\main started by goguma in D:\megastudy\mcdonald)
[DEBUG] 25-08-05 17:31:24 [McdonaldApplication:54] - Running with Spring Boot v3.4.8, Spring v6.2.9
[INFO ] 25-08-05 17:31:24 [McdonaldApplication:652] - No active profile set, falling back to 1 default profile: "default"
[DEBUG] 25-08-05 17:31:25 [LogFactory:112] - Logging initialized using 'class org.apache.ibatis.logging.slf4j.Slf4jImpl' adapter.
[WARN ] 25-08-05 17:31:25 [ClassPathMapperScanner:44] - No MyBatis mapper was found in '[kr.goguma.mcdonald]' package. Please check your configuration.
[INFO ] 25-08-05 17:31:27 [McdonaldApplication:59] - Started McdonaldApplication in 3.107 seconds (process running for 3.608)
[WARN ] 25-08-05 17:31:31 [AbstractStandardFragmentInsertionTagProcessor:385] - [THYMELEAF][http-nio-8080-exec-1][main] Deprecated unwrapped fragment expression "fragments/header :: header" found in template main, line 10, col 10. Please use the complete syntax of fragment expressions instead ("~{fragments/header :: header}"). The old, unwrapped syntax for fragment expressions will be removed in future versions of Thymeleaf.
[WARN ] 25-08-05 17:31:32 [AbstractStandardFragmentInsertionTagProcessor:385] - [THYMELEAF][http-nio-8080-exec-6][main] Deprecated unwrapped fragment expression "fragments/header :: header" found in template main, line 10, col 10. Please use the complete syntax of fragment expressions instead ("~{fragments/header :: header}"). The old, unwrapped syntax for fragment expressions will be removed in future versions of Thymeleaf.
[INFO ] 25-08-05 17:41:39 [McdonaldApplication:53] - Starting McdonaldApplication using Java 21.0.2 with PID 27116 (D:\megastudy\mcdonald\bin\main started by goguma in D:\megastudy\mcdonald)
[DEBUG] 25-08-05 17:41:39 [McdonaldApplication:54] - Running with Spring Boot v3.4.8, Spring v6.2.9
[INFO ] 25-08-05 17:41:39 [McdonaldApplication:652] - No active profile set, falling back to 1 default profile: "default"
[DEBUG] 25-08-05 17:41:40 [LogFactory:112] - Logging initialized using 'class org.apache.ibatis.logging.slf4j.Slf4jImpl' adapter.
[WARN ] 25-08-05 17:41:40 [ClassPathMapperScanner:44] - No MyBatis mapper was found in '[kr.goguma.mcdonald]' package. Please check your configuration.
[INFO ] 25-08-05 17:41:42 [McdonaldApplication:59] - Started McdonaldApplication in 3.129 seconds (process running for 3.63)
[WARN ] 25-08-05 17:41:48 [AbstractStandardFragmentInsertionTagProcessor:385] - [THYMELEAF][http-nio-8080-exec-1][main] Deprecated unwrapped fragment expression "fragments/header :: header" found in template main, line 10, col 10. Please use the complete syntax of fragment expressions instead ("~{fragments/header :: header}"). The old, unwrapped syntax for fragment expressions will be removed in future versions of Thymeleaf.
[INFO ] 25-08-05 17:42:39 [McdonaldApplication:53] - Starting McdonaldApplication using Java 21.0.2 with PID 28472 (D:\megastudy\mcdonald\bin\main started by goguma in D:\megastudy\mcdonald)
[DEBUG] 25-08-05 17:42:39 [McdonaldApplication:54] - Running with Spring Boot v3.4.8, Spring v6.2.9
[INFO ] 25-08-05 17:42:39 [McdonaldApplication:652] - No active profile set, falling back to 1 default profile: "default"
[DEBUG] 25-08-05 17:42:40 [LogFactory:112] - Logging initialized using 'class org.apache.ibatis.logging.slf4j.Slf4jImpl' adapter.
[WARN ] 25-08-05 17:42:40 [ClassPathMapperScanner:44] - No MyBatis mapper was found in '[kr.goguma.mcdonald]' package. Please check your configuration.
[INFO ] 25-08-05 17:42:41 [McdonaldApplication:59] - Started McdonaldApplication in 3.119 seconds (process running for 3.64)
[WARN ] 25-08-05 17:42:56 [AbstractStandardFragmentInsertionTagProcessor:385] - [THYMELEAF][http-nio-8080-exec-1][main] Deprecated unwrapped fragment expression "fragments/header :: header" found in template main, line 10, col 10. Please use the complete syntax of fragment expressions instead ("~{fragments/header :: header}"). The old, unwrapped syntax for fragment expressions will be removed in future versions of Thymeleaf.
[WARN ] 25-08-05 17:42:57 [AbstractStandardFragmentInsertionTagProcessor:385] - [THYMELEAF][http-nio-8080-exec-6][main] Deprecated unwrapped fragment expression "fragments/header :: header" found in template main, line 10, col 10. Please use the complete syntax of fragment expressions instead ("~{fragments/header :: header}"). The old, unwrapped syntax for fragment expressions will be removed in future versions of Thymeleaf.
[WARN ] 25-08-05 17:42:58 [AbstractStandardFragmentInsertionTagProcessor:385] - [THYMELEAF][http-nio-8080-exec-1][main] Deprecated unwrapped fragment expression "fragments/header :: header" found in template main, line 10, col 10. Please use the complete syntax of fragment expressions instead ("~{fragments/header :: header}"). The old, unwrapped syntax for fragment expressions will be removed in future versions of Thymeleaf.
[INFO ] 25-08-05 17:43:24 [McdonaldApplication:53] - Starting McdonaldApplication using Java 21.0.2 with PID 2880 (D:\megastudy\mcdonald\bin\main started by goguma in D:\megastudy\mcdonald)
[DEBUG] 25-08-05 17:43:24 [McdonaldApplication:54] - Running with Spring Boot v3.4.8, Spring v6.2.9
[INFO ] 25-08-05 17:43:24 [McdonaldApplication:652] - No active profile set, falling back to 1 default profile: "default"
[DEBUG] 25-08-05 17:43:25 [LogFactory:112] - Logging initialized using 'class org.apache.ibatis.logging.slf4j.Slf4jImpl' adapter.
[WARN ] 25-08-05 17:43:25 [ClassPathMapperScanner:44] - No MyBatis mapper was found in '[kr.goguma.mcdonald]' package. Please check your configuration.
[INFO ] 25-08-05 17:43:26 [McdonaldApplication:59] - Started McdonaldApplication in 3.019 seconds (process running for 3.534)
[WARN ] 25-08-05 17:43:30 [AbstractStandardFragmentInsertionTagProcessor:385] - [THYMELEAF][http-nio-8080-exec-2][main] Deprecated unwrapped fragment expression "fragments/header :: header" found in template main, line 10, col 10. Please use the complete syntax of fragment expressions instead ("~{fragments/header :: header}"). The old, unwrapped syntax for fragment expressions will be removed in future versions of Thymeleaf.
[INFO ] 25-08-05 17:47:49 [McdonaldApplication:53] - Starting McdonaldApplication using Java 21.0.2 with PID 10908 (D:\megastudy\mcdonald\bin\main started by goguma in D:\megastudy\mcdonald)
[DEBUG] 25-08-05 17:47:49 [McdonaldApplication:54] - Running with Spring Boot v3.4.8, Spring v6.2.9
[INFO ] 25-08-05 17:47:49 [McdonaldApplication:652] - No active profile set, falling back to 1 default profile: "default"
[DEBUG] 25-08-05 17:47:50 [LogFactory:112] - Logging initialized using 'class org.apache.ibatis.logging.slf4j.Slf4jImpl' adapter.
[WARN ] 25-08-05 17:47:50 [ClassPathMapperScanner:44] - No MyBatis mapper was found in '[kr.goguma.mcdonald]' package. Please check your configuration.
[INFO ] 25-08-05 17:47:52 [McdonaldApplication:59] - Started McdonaldApplication in 3.195 seconds (process running for 3.72)
[WARN ] 25-08-05 17:47:58 [AbstractStandardFragmentInsertionTagProcessor:385] - [THYMELEAF][http-nio-8080-exec-1][main] Deprecated unwrapped fragment expression "fragments/header :: header" found in template main, line 10, col 10. Please use the complete syntax of fragment expressions instead ("~{fragments/header :: header}"). The old, unwrapped syntax for fragment expressions will be removed in future versions of Thymeleaf.
[WARN ] 25-08-05 17:48:00 [AbstractStandardFragmentInsertionTagProcessor:385] - [THYMELEAF][http-nio-8080-exec-6][main] Deprecated unwrapped fragment expression "fragments/header :: header" found in template main, line 10, col 10. Please use the complete syntax of fragment expressions instead ("~{fragments/header :: header}"). The old, unwrapped syntax for fragment expressions will be removed in future versions of Thymeleaf.
[WARN ] 25-08-05 17:48:00 [AbstractStandardFragmentInsertionTagProcessor:385] - [THYMELEAF][http-nio-8080-exec-1][main] Deprecated unwrapped fragment expression "fragments/header :: header" found in template main, line 10, col 10. Please use the complete syntax of fragment expressions instead ("~{fragments/header :: header}"). The old, unwrapped syntax for fragment expressions will be removed in future versions of Thymeleaf.
[WARN ] 25-08-05 17:48:01 [AbstractStandardFragmentInsertionTagProcessor:385] - [THYMELEAF][http-nio-8080-exec-6][main] Deprecated unwrapped fragment expression "fragments/header :: header" found in template main, line 10, col 10. Please use the complete syntax of fragment expressions instead ("~{fragments/header :: header}"). The old, unwrapped syntax for fragment expressions will be removed in future versions of Thymeleaf.
[WARN ] 25-08-05 17:48:01 [AbstractStandardFragmentInsertionTagProcessor:385] - [THYMELEAF][http-nio-8080-exec-1][main] Deprecated unwrapped fragment expression "fragments/header :: header" found in template main, line 10, col 10. Please use the complete syntax of fragment expressions instead ("~{fragments/header :: header}"). The old, unwrapped syntax for fragment expressions will be removed in future versions of Thymeleaf.
[WARN ] 25-08-05 17:48:01 [AbstractStandardFragmentInsertionTagProcessor:385] - [THYMELEAF][http-nio-8080-exec-6][main] Deprecated unwrapped fragment expression "fragments/header :: header" found in template main, line 10, col 10. Please use the complete syntax of fragment expressions instead ("~{fragments/header :: header}"). The old, unwrapped syntax for fragment expressions will be removed in future versions of Thymeleaf.
[WARN ] 25-08-05 17:48:01 [AbstractStandardFragmentInsertionTagProcessor:385] - [THYMELEAF][http-nio-8080-exec-1][main] Deprecated unwrapped fragment expression "fragments/header :: header" found in template main, line 10, col 10. Please use the complete syntax of fragment expressions instead ("~{fragments/header :: header}"). The old, unwrapped syntax for fragment expressions will be removed in future versions of Thymeleaf.
[WARN ] 25-08-05 17:48:01 [AbstractStandardFragmentInsertionTagProcessor:385] - [THYMELEAF][http-nio-8080-exec-6][main] Deprecated unwrapped fragment expression "fragments/header :: header" found in template main, line 10, col 10. Please use the complete syntax of fragment expressions instead ("~{fragments/header :: header}"). The old, unwrapped syntax for fragment expressions will be removed in future versions of Thymeleaf.
[WARN ] 25-08-05 17:48:02 [AbstractStandardFragmentInsertionTagProcessor:385] - [THYMELEAF][http-nio-8080-exec-1][main] Deprecated unwrapped fragment expression "fragments/header :: header" found in template main, line 10, col 10. Please use the complete syntax of fragment expressions instead ("~{fragments/header :: header}"). The old, unwrapped syntax for fragment expressions will be removed in future versions of Thymeleaf.
[WARN ] 25-08-05 17:48:02 [AbstractStandardFragmentInsertionTagProcessor:385] - [THYMELEAF][http-nio-8080-exec-6][main] Deprecated unwrapped fragment expression "fragments/header :: header" found in template main, line 10, col 10. Please use the complete syntax of fragment expressions instead ("~{fragments/header :: header}"). The old, unwrapped syntax for fragment expressions will be removed in future versions of Thymeleaf.
[WARN ] 25-08-05 17:48:02 [AbstractStandardFragmentInsertionTagProcessor:385] - [THYMELEAF][http-nio-8080-exec-1][main] Deprecated unwrapped fragment expression "fragments/header :: header" found in template main, line 10, col 10. Please use the complete syntax of fragment expressions instead ("~{fragments/header :: header}"). The old, unwrapped syntax for fragment expressions will be removed in future versions of Thymeleaf.
[WARN ] 25-08-05 17:48:02 [AbstractStandardFragmentInsertionTagProcessor:385] - [THYMELEAF][http-nio-8080-exec-6][main] Deprecated unwrapped fragment expression "fragments/header :: header" found in template main, line 10, col 10. Please use the complete syntax of fragment expressions instead ("~{fragments/header :: header}"). The old, unwrapped syntax for fragment expressions will be removed in future versions of Thymeleaf.
[WARN ] 25-08-05 17:48:02 [AbstractStandardFragmentInsertionTagProcessor:385] - [THYMELEAF][http-nio-8080-exec-1][main] Deprecated unwrapped fragment expression "fragments/header :: header" found in template main, line 10, col 10. Please use the complete syntax of fragment expressions instead ("~{fragments/header :: header}"). The old, unwrapped syntax for fragment expressions will be removed in future versions of Thymeleaf.
[INFO ] 25-08-05 17:49:34 [McdonaldApplication:53] - Starting McdonaldApplication using Java 21.0.2 with PID 29192 (D:\megastudy\mcdonald\bin\main started by goguma in D:\megastudy\mcdonald)
[DEBUG] 25-08-05 17:49:34 [McdonaldApplication:54] - Running with Spring Boot v3.4.8, Spring v6.2.9
[INFO ] 25-08-05 17:49:34 [McdonaldApplication:652] - No active profile set, falling back to 1 default profile: "default"
[DEBUG] 25-08-05 17:49:35 [LogFactory:112] - Logging initialized using 'class org.apache.ibatis.logging.slf4j.Slf4jImpl' adapter.
[WARN ] 25-08-05 17:49:35 [ClassPathMapperScanner:44] - No MyBatis mapper was found in '[kr.goguma.mcdonald]' package. Please check your configuration.
[INFO ] 25-08-05 17:49:37 [McdonaldApplication:59] - Started McdonaldApplication in 3.139 seconds (process running for 3.695)
[WARN ] 25-08-05 17:49:43 [AbstractStandardFragmentInsertionTagProcessor:385] - [THYMELEAF][http-nio-8080-exec-1][main] Deprecated unwrapped fragment expression "fragments/header :: header" found in template main, line 10, col 10. Please use the complete syntax of fragment expressions instead ("~{fragments/header :: header}"). The old, unwrapped syntax for fragment expressions will be removed in future versions of Thymeleaf.
[WARN ] 25-08-05 17:49:44 [AbstractStandardFragmentInsertionTagProcessor:385] - [THYMELEAF][http-nio-8080-exec-6][main] Deprecated unwrapped fragment expression "fragments/header :: header" found in template main, line 10, col 10. Please use the complete syntax of fragment expressions instead ("~{fragments/header :: header}"). The old, unwrapped syntax for fragment expressions will be removed in future versions of Thymeleaf.
[WARN ] 25-08-05 17:49:44 [AbstractStandardFragmentInsertionTagProcessor:385] - [THYMELEAF][http-nio-8080-exec-2][main] Deprecated unwrapped fragment expression "fragments/header :: header" found in template main, line 10, col 10. Please use the complete syntax of fragment expressions instead ("~{fragments/header :: header}"). The old, unwrapped syntax for fragment expressions will be removed in future versions of Thymeleaf.
[WARN ] 25-08-05 17:49:44 [AbstractStandardFragmentInsertionTagProcessor:385] - [THYMELEAF][http-nio-8080-exec-7][main] Deprecated unwrapped fragment expression "fragments/header :: header" found in template main, line 10, col 10. Please use the complete syntax of fragment expressions instead ("~{fragments/header :: header}"). The old, unwrapped syntax for fragment expressions will be removed in future versions of Thymeleaf.
[INFO ] 25-08-05 17:51:11 [McdonaldApplication:53] - Starting McdonaldApplication using Java 21.0.2 with PID 1432 (D:\megastudy\mcdonald\bin\main started by goguma in D:\megastudy\mcdonald)
[DEBUG] 25-08-05 17:51:11 [McdonaldApplication:54] - Running with Spring Boot v3.4.8, Spring v6.2.9
[INFO ] 25-08-05 17:51:11 [McdonaldApplication:652] - No active profile set, falling back to 1 default profile: "default"
[DEBUG] 25-08-05 17:51:12 [LogFactory:112] - Logging initialized using 'class org.apache.ibatis.logging.slf4j.Slf4jImpl' adapter.
[WARN ] 25-08-05 17:51:12 [ClassPathMapperScanner:44] - No MyBatis mapper was found in '[kr.goguma.mcdonald]' package. Please check your configuration.
[INFO ] 25-08-05 17:51:14 [McdonaldApplication:59] - Started McdonaldApplication in 3.155 seconds (process running for 3.677)
[WARN ] 25-08-05 17:51:19 [AbstractStandardFragmentInsertionTagProcessor:385] - [THYMELEAF][http-nio-8080-exec-1][main] Deprecated unwrapped fragment expression "fragments/header :: header" found in template main, line 10, col 10. Please use the complete syntax of fragment expressions instead ("~{fragments/header :: header}"). The old, unwrapped syntax for fragment expressions will be removed in future versions of Thymeleaf.
[INFO ] 25-08-05 17:51:59 [McdonaldApplication:53] - Starting McdonaldApplication using Java 21.0.2 with PID 26712 (D:\megastudy\mcdonald\bin\main started by goguma in D:\megastudy\mcdonald)
[DEBUG] 25-08-05 17:51:59 [McdonaldApplication:54] - Running with Spring Boot v3.4.8, Spring v6.2.9
[INFO ] 25-08-05 17:51:59 [McdonaldApplication:652] - No active profile set, falling back to 1 default profile: "default"
[DEBUG] 25-08-05 17:52:00 [LogFactory:112] - Logging initialized using 'class org.apache.ibatis.logging.slf4j.Slf4jImpl' adapter.
[WARN ] 25-08-05 17:52:00 [ClassPathMapperScanner:44] - No MyBatis mapper was found in '[kr.goguma.mcdonald]' package. Please check your configuration.
[INFO ] 25-08-05 17:52:01 [McdonaldApplication:59] - Started McdonaldApplication in 3.168 seconds (process running for 3.681)
[WARN ] 25-08-05 17:52:06 [AbstractStandardFragmentInsertionTagProcessor:385] - [THYMELEAF][http-nio-8080-exec-1][main] Deprecated unwrapped fragment expression "fragments/header :: header" found in template main, line 10, col 10. Please use the complete syntax of fragment expressions instead ("~{fragments/header :: header}"). The old, unwrapped syntax for fragment expressions will be removed in future versions of Thymeleaf.
[INFO ] 25-08-05 17:52:26 [McdonaldApplication:53] - Starting McdonaldApplication using Java 21.0.2 with PID 13680 (D:\megastudy\mcdonald\bin\main started by goguma in D:\megastudy\mcdonald)
[DEBUG] 25-08-05 17:52:26 [McdonaldApplication:54] - Running with Spring Boot v3.4.8, Spring v6.2.9
[INFO ] 25-08-05 17:52:26 [McdonaldApplication:652] - No active profile set, falling back to 1 default profile: "default"
[DEBUG] 25-08-05 17:52:27 [LogFactory:112] - Logging initialized using 'class org.apache.ibatis.logging.slf4j.Slf4jImpl' adapter.
[WARN ] 25-08-05 17:52:27 [ClassPathMapperScanner:44] - No MyBatis mapper was found in '[kr.goguma.mcdonald]' package. Please check your configuration.
[INFO ] 25-08-05 17:52:29 [McdonaldApplication:59] - Started McdonaldApplication in 3.057 seconds (process running for 3.578)
[WARN ] 25-08-05 17:52:54 [AbstractStandardFragmentInsertionTagProcessor:385] - [THYMELEAF][http-nio-8080-exec-1][main] Deprecated unwrapped fragment expression "fragments/header :: header" found in template main, line 10, col 10. Please use the complete syntax of fragment expressions instead ("~{fragments/header :: header}"). The old, unwrapped syntax for fragment expressions will be removed in future versions of Thymeleaf.
[WARN ] 25-08-05 17:52:55 [AbstractStandardFragmentInsertionTagProcessor:385] - [THYMELEAF][http-nio-8080-exec-6][main] Deprecated unwrapped fragment expression "fragments/header :: header" found in template main, line 10, col 10. Please use the complete syntax of fragment expressions instead ("~{fragments/header :: header}"). The old, unwrapped syntax for fragment expressions will be removed in future versions of Thymeleaf.
